[1209/083323.650:ERROR:directory_reader_win.cc(43)] FindFirstFile: The system cannot find the path specified. (0x3)
[1211/072836.459:ERROR:directory_reader_win.cc(43)] FindFirstFile: The system cannot find the path specified. (0x3)
[1212/113633.534:ERROR:directory_reader_win.cc(43)] FindFirstFile: The system cannot find the path specified. (0x3)
[1214/082728.348:ERROR:directory_reader_win.cc(43)] FindFirstFile: The system cannot find the path specified. (0x3)
[1214/125938.568:ERROR:directory_reader_win.cc(43)] FindFirstFile: The system cannot find the path specified. (0x3)
[1215/205712.258:ERROR:directory_reader_win.cc(43)] FindFirstFile: The system cannot find the path specified. (0x3)
[1216/013956.275:ERROR:process_reader_win.cc(151)] SuspendThread: Access is denied. (0x5)
[1216/013956.275:ERROR:process_reader_win.cc(151)] SuspendThread: Access is denied. (0x5)
[1216/013956.275:ERROR:process_reader_win.cc(151)] SuspendThread: Access is denied. (0x5)
[1216/013956.275:ERROR:process_reader_win.cc(151)] SuspendThread: Access is denied. (0x5)
[1216/013956.275:ERROR:process_reader_win.cc(151)] SuspendThread: Access is denied. (0x5)
[1216/013956.275:ERROR:process_reader_win.cc(151)] SuspendThread: Access is denied. (0x5)
[1216/013956.275:ERROR:process_reader_win.cc(151)] SuspendThread: Access is denied. (0x5)
[1216/013956.275:ERROR:process_reader_win.cc(151)] SuspendThread: Access is denied. (0x5)
[1216/013956.275:ERROR:process_reader_win.cc(151)] SuspendThread: Access is denied. (0x5)
[1216/013956.275:ERROR:process_reader_win.cc(151)] SuspendThread: Access is denied. (0x5)
[1216/013956.275:ERROR:process_reader_win.cc(151)] SuspendThread: Access is denied. (0x5)
[1216/013956.275:ERROR:process_reader_win.cc(151)] SuspendThread: Access is denied. (0x5)
[1216/013956.275:ERROR:process_reader_win.cc(151)] SuspendThread: Access is denied. (0x5)
[1216/013956.275:ERROR:process_reader_win.cc(151)] SuspendThread: Access is denied. (0x5)
[1216/013956.275:ERROR:process_reader_win.cc(151)] SuspendThread: Access is denied. (0x5)
[1216/013956.275:ERROR:process_reader_win.cc(151)] SuspendThread: Access is denied. (0x5)
[1216/013956.275:ERROR:process_reader_win.cc(151)] SuspendThread: Access is denied. (0x5)
[1216/013956.275:ERROR:process_reader_win.cc(151)] SuspendThread: Access is denied. (0x5)
[1216/013956.275:ERROR:process_reader_win.cc(151)] SuspendThread: Access is denied. (0x5)
[1216/013956.275:ERROR:process_reader_win.cc(151)] SuspendThread: Access is denied. (0x5)
[1216/013956.275:ERROR:process_reader_win.cc(151)] SuspendThread: Access is denied. (0x5)
[1216/013956.275:ERROR:process_reader_win.cc(123)] NtOpenThread: {Access Denied} A process has requested access to an object, but has not been granted those access rights. (0xc0000022)
[1216/013956.275:ERROR:process_reader_win.cc(151)] SuspendThread: Access is denied. (0x5)
[1216/013956.275:ERROR:process_reader_win.cc(151)] SuspendThread: Access is denied. (0x5)
[1216/013956.275:ERROR:process_reader_win.cc(151)] SuspendThread: Access is denied. (0x5)
[1216/013956.275:ERROR:process_reader_win.cc(151)] SuspendThread: Access is denied. (0x5)
[1216/013956.275:ERROR:process_reader_win.cc(151)] SuspendThread: Access is denied. (0x5)
[1216/013956.275:ERROR:exception_snapshot_win.cc(99)] thread ID 3812 not found in process
[1216/013956.275:ERROR:process_reader_win.cc(151)] SuspendThread: Access is denied. (0x5)
[1216/013956.275:ERROR:process_reader_win.cc(151)] SuspendThread: Access is denied. (0x5)
[1216/013956.275:ERROR:process_reader_win.cc(123)] NtOpenThread: {Access Denied} A process has requested access to an object, but has not been granted those access rights. (0xc0000022)
[1216/013956.275:ERROR:exception_snapshot_win.cc(99)] thread ID 8724 not found in process
[1216/013956.275:ERROR:process_reader_win.cc(151)] SuspendThread: Access is denied. (0x5)
[1216/013956.275:ERROR:process_reader_win.cc(151)] SuspendThread: Access is denied. (0x5)
[1216/013956.275:ERROR:process_reader_win.cc(151)] SuspendThread: Access is denied. (0x5)
[1216/013956.275:ERROR:process_reader_win.cc(151)] SuspendThread: Access is denied. (0x5)
[1216/013956.275:ERROR:process_reader_win.cc(151)] SuspendThread: Access is denied. (0x5)
[1216/013956.275:ERROR:process_reader_win.cc(151)] SuspendThread: Access is denied. (0x5)
[1216/013956.275:ERROR:process_reader_win.cc(151)] SuspendThread: Access is denied. (0x5)
[1216/013956.275:ERROR:process_reader_win.cc(151)] SuspendThread: Access is denied. (0x5)
[1216/013956.275:ERROR:process_reader_win.cc(151)] SuspendThread: Access is denied. (0x5)
[1216/013956.275:ERROR:process_reader_win.cc(123)] NtOpenThread: {Access Denied} A process has requested access to an object, but has not been granted those access rights. (0xc0000022)
[1216/013956.275:ERROR:exception_snapshot_win.cc(99)] thread ID 15732 not found in process
[1216/070809.743:ERROR:directory_reader_win.cc(43)] FindFirstFile: The system cannot find the path specified. (0x3)
[1217/101658.498:ERROR:directory_reader_win.cc(43)] FindFirstFile: The system cannot find the path specified. (0x3)
[1217/191226.821:ERROR:directory_reader_win.cc(43)] FindFirstFile: The system cannot find the path specified. (0x3)
[1218/091023.486:ERROR:directory_reader_win.cc(43)] FindFirstFile: The system cannot find the path specified. (0x3)
[1219/091808.508:ERROR:directory_reader_win.cc(43)] FindFirstFile: The system cannot find the path specified. (0x3)
[1219/194833.754:ERROR:directory_reader_win.cc(43)] FindFirstFile: The system cannot find the path specified. (0x3)
[1220/120809.687:ERROR:directory_reader_win.cc(43)] FindFirstFile: The system cannot find the path specified. (0x3)
[1221/084427.000:ERROR:directory_reader_win.cc(43)] FindFirstFile: The system cannot find the path specified. (0x3)
[1221/184659.546:ERROR:directory_reader_win.cc(43)] FindFirstFile: The system cannot find the path specified. (0x3)
[1222/005909.873:ERROR:directory_reader_win.cc(43)] FindFirstFile: The system cannot find the path specified. (0x3)
[1222/200249.324:ERROR:directory_reader_win.cc(43)] FindFirstFile: The system cannot find the path specified. (0x3)
[1223/085413.625:ERROR:directory_reader_win.cc(43)] FindFirstFile: The system cannot find the path specified. (0x3)
[1223/095805.218:ERROR:directory_reader_win.cc(43)] FindFirstFile: The system cannot find the path specified. (0x3)
[1223/114826.486:ERROR:directory_reader_win.cc(43)] FindFirstFile: The system cannot find the path specified. (0x3)
[1224/152045.470:ERROR:directory_reader_win.cc(43)] FindFirstFile: The system cannot find the path specified. (0x3)
[1225/235021.178:ERROR:process_info.cc(329)] VirtualQueryEx: Access is denied. (0x5)
[1225/235021.178:ERROR:process_info.cc(556)] ReadMemoryInfo failed
[1225/235020.418:ERROR:process_reader_win.cc(123)] NtOpenThread: {Access Denied} A process has requested access to an object, but has not been granted those access rights. (0xc0000022)
[1225/235021.241:ERROR:exception_snapshot_win.cc(99)] thread ID 9324 not found in process
[1225/235021.241:ERROR:scoped_process_suspend.cc(40)] NtResumeProcess: An attempt was made to access an exiting process. (0xc000010a)
[1225/235021.381:ERROR:process_reader_win.cc(123)] NtOpenThread: {Access Denied} A process has requested access to an object, but has not been granted those access rights. (0xc0000022)
[1225/235021.381:ERROR:exception_snapshot_win.cc(99)] thread ID 10220 not found in process
[1225/235021.569:ERROR:process_reader_win.cc(123)] NtOpenThread: {Access Denied} A process has requested access to an object, but has not been granted those access rights. (0xc0000022)
[1225/235021.569:ERROR:exception_snapshot_win.cc(99)] thread ID 1076 not found in process
[1225/235021.631:ERROR:process_reader_win.cc(123)] NtOpenThread: {Access Denied} A process has requested access to an object, but has not been granted those access rights. (0xc0000022)
[1225/235021.631:ERROR:exception_snapshot_win.cc(99)] thread ID 1792 not found in process
[1225/235021.631:ERROR:process_reader_win.cc(123)] NtOpenThread: {Access Denied} A process has requested access to an object, but has not been granted those access rights. (0xc0000022)
[1225/235021.631:ERROR:process_reader_win.cc(123)] NtOpenThread: {Access Denied} A process has requested access to an object, but has not been granted those access rights. (0xc0000022)
[1225/235021.725:ERROR:process_reader_win.cc(123)] NtOpenThread: {Access Denied} A process has requested access to an object, but has not been granted those access rights. (0xc0000022)
[1225/235021.725:ERROR:exception_snapshot_win.cc(99)] thread ID 492 not found in process
[1225/235021.725:ERROR:exception_snapshot_win.cc(99)] thread ID 14964 not found in process
[1225/235021.725:ERROR:exception_snapshot_win.cc(99)] thread ID 13664 not found in process
